<?xml version="1.0" encoding="UTF-8"?>
<testng-results ignored="0" total="1" passed="1" failed="0" skipped="0">
  <reporter-output>
    <line>
      <![CDATA[About this item
Resolution : 4K Ultra HD (3840 x 2160) Resolution || Refresh Rate : 100 Hertz
Connectivity: 4 HDMI ports to connect set top box || Blu-ray speakers or a gaming console || 2 USB ports to connect hard drives or other USB devices
Sound: 60 Watts Output - 4.2.2 Ch|| Powerful Speakers with Dolby Atmos || Surround Sound || Active Voice Amplifier || Adaptive Sound+
Smart TV Features : Mirroring || Tap View ||Multi-View || Music Wall || Mobile Camera Support || Wireless Dex || Auto Game Mode (ALLM) || Game Motion Plus || Dynamic Black EQ || Surround Sound || Super Ultra Wide Game View ||Mini Map Zoom || FreeSync Premium Pro || HGiG
Display: One Billion Color || PQI 4600 || 100% Colour Volume with Quantum Dot || Wide Viewing Angle || AI Upscale || Neo Quantum Processor 4K || Quantum Matrix Technology || Motion Xcelerator Turbo Pro || Real Depth Enhancer || LED Clear Motion
Warranty Information: 1 year comprehensive warranty plus additional 1 years on panel by brand from date of invoice
Installation: TV Table stand is not included in the box with this model. customer may ask for Table Top Stand or Wall Mount which will be provided to the customer at the time of installation, please directly call Samsung support on [Please visit brand website for tollfree numbers] and provide product's model name as well as seller's details mentioned on the invoice
Easy Returns: This product is eligible for replacement within 10 days of delivery in case of any product defects, damage or features not matching the description]]>
    </line>
  </reporter-output>
  <suite started-at="2022-09-08T06:01:19 WAT" name="UI Suite" finished-at="2022-09-08T06:02:06 WAT" duration-ms="46994">
    <groups>
    </groups>
    <test started-at="2022-09-08T06:01:19 WAT" name="Test" finished-at="2022-09-08T06:02:06 WAT" duration-ms="46994">
      <class name="uiTest.AmazonTest">
        <test-method is-config="true" signature="Setup()[pri:0, instance:uiTest.AmazonTest@20d3d15a]" started-at="2022-09-08T06:01:19 WAT" name="Setup" finished-at="2022-09-08T06:01:33 WAT" duration-ms="14629" status="PASS">
          <reporter-output>
          </reporter-output>
        </test-method> <!-- Setup -->
        <test-method signature="AutomationTest()[pri:0, instance:uiTest.AmazonTest@20d3d15a]" started-at="2022-09-08T06:01:33 WAT" name="AutomationTest" finished-at="2022-09-08T06:02:05 WAT" duration-ms="32058" status="PASS">
          <reporter-output>
            <line>
              <![CDATA[About this item
Resolution : 4K Ultra HD (3840 x 2160) Resolution || Refresh Rate : 100 Hertz
Connectivity: 4 HDMI ports to connect set top box || Blu-ray speakers or a gaming console || 2 USB ports to connect hard drives or other USB devices
Sound: 60 Watts Output - 4.2.2 Ch|| Powerful Speakers with Dolby Atmos || Surround Sound || Active Voice Amplifier || Adaptive Sound+
Smart TV Features : Mirroring || Tap View ||Multi-View || Music Wall || Mobile Camera Support || Wireless Dex || Auto Game Mode (ALLM) || Game Motion Plus || Dynamic Black EQ || Surround Sound || Super Ultra Wide Game View ||Mini Map Zoom || FreeSync Premium Pro || HGiG
Display: One Billion Color || PQI 4600 || 100% Colour Volume with Quantum Dot || Wide Viewing Angle || AI Upscale || Neo Quantum Processor 4K || Quantum Matrix Technology || Motion Xcelerator Turbo Pro || Real Depth Enhancer || LED Clear Motion
Warranty Information: 1 year comprehensive warranty plus additional 1 years on panel by brand from date of invoice
Installation: TV Table stand is not included in the box with this model. customer may ask for Table Top Stand or Wall Mount which will be provided to the customer at the time of installation, please directly call Samsung support on [Please visit brand website for tollfree numbers] and provide product's model name as well as seller's details mentioned on the invoice
Easy Returns: This product is eligible for replacement within 10 days of delivery in case of any product defects, damage or features not matching the description]]>
            </line>
          </reporter-output>
        </test-method> <!-- AutomationTest -->
        <test-method is-config="true" signature="CloseBrowser()[pri:0, instance:uiTest.AmazonTest@20d3d15a]" started-at="2022-09-08T06:02:05 WAT" name="CloseBrowser" finished-at="2022-09-08T06:02:06 WAT" duration-ms="277" status="PASS">
          <reporter-output>
          </reporter-output>
        </test-method> <!-- CloseBrowser -->
      </class> <!-- uiTest.AmazonTest -->
    </test> <!-- Test -->
  </suite> <!-- UI Suite -->
</testng-results>
